Release 8.2i - xst I.31
Copyright (c) 1995-2006 Xilinx, Inc.  All rights reserved.
--> 
Parameter TMPDIR set to ./xst/projnav.tmp
CPU : 0.00 / 0.03 s | Elapsed : 0.00 / 1.00 s
 
--> 
Parameter xsthdpdir set to ./xst
CPU : 0.00 / 0.03 s | Elapsed : 0.00 / 1.00 s
 
--> 
Reading design: playcontrol.prj

TABLE OF CONTENTS
  1) Synthesis Options Summary
  2) HDL Compilation
  3) Design Hierarchy Analysis
  4) HDL Analysis
  5) HDL Synthesis
     5.1) HDL Synthesis Report
  6) Advanced HDL Synthesis
     6.1) Advanced HDL Synthesis Report
  7) Low Level Synthesis
  8) Partition Report
  9) Final Report
     9.1) Device utilization summary
     9.2) TIMING REPORT


=========================================================================
*                      Synthesis Options Summary                        *
=========================================================================
---- Source Parameters
Input File Name                    : "playcontrol.prj"
Input Format                       : mixed
Ignore Synthesis Constraint File   : NO

---- Target Parameters
Output File Name                   : "playcontrol"
Output Format                      : NGC
Target Device                      : xc2vp7-7-ff896

---- Source Options
Top Module Name                    : playcontrol
Automatic FSM Extraction           : YES
FSM Encoding Algorithm             : Auto
FSM Style                          : lut
RAM Extraction                     : Yes
RAM Style                          : Auto
ROM Extraction                     : Yes
Mux Style                          : Auto
Decoder Extraction                 : YES
Priority Encoder Extraction        : YES
Shift Register Extraction          : YES
Logical Shifter Extraction         : YES
XOR Collapsing                     : YES
ROM Style                          : Auto
Mux Extraction                     : YES
Resource Sharing                   : YES
Multiplier Style                   : auto
Automatic Register Balancing       : No

---- Target Options
Add IO Buffers                     : NO
Global Maximum Fanout              : 500
Add Generic Clock Buffer(BUFG)     : 16
Register Duplication               : YES
Slice Packing                      : YES
Pack IO Registers into IOBs        : auto
Equivalent register Removal        : YES

---- General Options
Optimization Goal                  : Speed
Optimization Effort                : 1
Keep Hierarchy                     : NO
RTL Output                         : Yes
Global Optimization                : AllClockNets
Write Timing Constraints           : NO
Hierarchy Separator                : /
Bus Delimiter                      : <>
Case Specifier                     : maintain
Slice Utilization Ratio            : 100
Slice Utilization Ratio Delta      : 5

---- Other Options
Read Cores                         : YES
cross_clock_analysis               : NO
verilog2001                        : YES
safe_implementation                : No
Optimize Instantiated Primitives   : NO
tristate2logic                     : Yes
use_clock_enable                   : Yes
use_sync_set                       : Yes
use_sync_reset                     : Yes

=========================================================================


=========================================================================
*                          HDL Compilation                              *
=========================================================================
Compiling vhdl file "/home/aak/vlsi_home/prj/playcontrol/rtl/system_constants_pkg.vhd" in Library work.
Package <system_constants_pkg> compiled.
Compiling vhdl file "/home/aak/vlsi_home/prj/playcontrol/rtl/kbc_intf.vhd" in Library work.
Entity <kbc_intf> compiled.
Entity <kbc_intf> (Architecture <arch>) compiled.
Compiling vhdl file "/home/aak/vlsi_home/prj/playcontrol/rtl/arbiter_mux.vhd" in Library work.
Entity <arbiter_mux> compiled.
Entity <arbiter_mux> (Architecture <arch>) compiled.
Compiling vhdl file "/home/aak/vlsi_home/prj/playcontrol/rtl/list_ctrl.vhd" in Library work.
Entity <list_ctrl> compiled.
Entity <list_ctrl> (Architecture <arch>) compiled.
Compiling vhdl file "/home/aak/vlsi_home/prj/playcontrol/rtl/play_fsm.vhd" in Library work.
Entity <play_fsm> compiled.
Entity <play_fsm> (Architecture <arch>) compiled.
